
AVRASM ver. 2.1.30  C:\Users\ASUS\Desktop\Az-Rizpar\HW9\Debug\List\hw9.asm Sat Dec 16 19:41:09 2023

C:\Users\ASUS\Desktop\Az-Rizpar\HW9\Debug\List\hw9.asm(1088): warning: Register r5 already defined by the .DEF directive
C:\Users\ASUS\Desktop\Az-Rizpar\HW9\Debug\List\hw9.asm(1089): warning: Register r4 already defined by the .DEF directive
C:\Users\ASUS\Desktop\Az-Rizpar\HW9\Debug\List\hw9.asm(1090): warning: Register r7 already defined by the .DEF directive
C:\Users\ASUS\Desktop\Az-Rizpar\HW9\Debug\List\hw9.asm(1091): warning: Register r6 already defined by the .DEF directive
                 
                 
                 ;CodeVisionAVR C Compiler V3.14 Advanced
                 ;(C) Copyright 1998-2014 Pavel Haiduc, HP InfoTech s.r.l.
                 ;http://www.hpinfotech.com
                 
                 ;Build configuration    : Debug
                 ;Chip type              : ATmega32
                 ;Program type           : Application
                 ;Clock frequency        : 1.000000 MHz
                 ;Memory model           : Small
                 ;Optimize for           : Size
                 ;(s)printf features     : int, width
                 ;(s)scanf features      : int, width
                 ;External RAM size      : 0
                 ;Data Stack size        : 512 byte(s)
                 ;Heap size              : 0 byte(s)
                 ;Promote 'char' to 'int': Yes
                 ;'char' is unsigned     : Yes
                 ;8 bit enums            : Yes
                 ;Global 'const' stored in FLASH: Yes
                 ;Enhanced function parameter passing: Yes
                 ;Enhanced core instructions: On
                 ;Automatic register allocation for global variables: On
                 ;Smart register allocation: On
                 
                 	#define _MODEL_SMALL_
                 
                 	#pragma AVRPART ADMIN PART_NAME ATmega32
                 	#pragma AVRPART MEMORY PROG_FLASH 32768
                 	#pragma AVRPART MEMORY EEPROM 1024
                 	#pragma AVRPART MEMORY INT_SRAM SIZE 2048
                 	#pragma AVRPART MEMORY INT_SRAM START_ADDR 0x60
                 
                 	#define CALL_SUPPORTED 1
                 
                 	.LISTMAC
                 	.EQU UDRE=0x5
                 	.EQU RXC=0x7
                 	.EQU USR=0xB
                 	.EQU UDR=0xC
                 	.EQU SPSR=0xE
                 	.EQU SPDR=0xF
                 	.EQU EERE=0x0
                 	.EQU EEWE=0x1
                 	.EQU EEMWE=0x2
                 	.EQU EECR=0x1C
                 	.EQU EEDR=0x1D
                 	.EQU EEARL=0x1E
                 	.EQU EEARH=0x1F
                 	.EQU WDTCR=0x21
                 	.EQU MCUCR=0x35
                 	.EQU GICR=0x3B
                 	.EQU SPL=0x3D
                 	.EQU SPH=0x3E
                 	.EQU SREG=0x3F
                 
                 	.DEF R0X0=R0
                 	.DEF R0X1=R1
                 	.DEF R0X2=R2
                 	.DEF R0X3=R3
                 	.DEF R0X4=R4
                 	.DEF R0X5=R5
                 	.DEF R0X6=R6
                 	.DEF R0X7=R7
                 	.DEF R0X8=R8
                 	.DEF R0X9=R9
                 	.DEF R0XA=R10
                 	.DEF R0XB=R11
                 	.DEF R0XC=R12
                 	.DEF R0XD=R13
                 	.DEF R0XE=R14
                 	.DEF R0XF=R15
                 	.DEF R0X10=R16
                 	.DEF R0X11=R17
                 	.DEF R0X12=R18
                 	.DEF R0X13=R19
                 	.DEF R0X14=R20
                 	.DEF R0X15=R21
                 	.DEF R0X16=R22
                 	.DEF R0X17=R23
                 	.DEF R0X18=R24
                 	.DEF R0X19=R25
                 	.DEF R0X1A=R26
                 	.DEF R0X1B=R27
                 	.DEF R0X1C=R28
                 	.DEF R0X1D=R29
                 	.DEF R0X1E=R30
                 	.DEF R0X1F=R31
                 
                 	.EQU __SRAM_START=0x0060
                 	.EQU __SRAM_END=0x085F
                 	.EQU __DSTACK_SIZE=0x0200
                 	.EQU __HEAP_SIZE=0x0000
                 	.EQU __CLEAR_SRAM_SIZE=__SRAM_END-__SRAM_START+1
                 
                 	.MACRO __CPD1N
                 	CPI  R30,LOW(@0)
                 	LDI  R26,HIGH(@0)
                 	CPC  R31,R26
                 	LDI  R26,BYTE3(@0)
                 	CPC  R22,R26
                 	LDI  R26,BYTE4(@0)
                 	CPC  R23,R26
                 	.ENDM
                 
                 	.MACRO __CPD2N
                 	CPI  R26,LOW(@0)
                 	LDI  R30,HIGH(@0)
                 	CPC  R27,R30
                 	LDI  R30,BYTE3(@0)
                 	CPC  R24,R30
                 	LDI  R30,BYTE4(@0)
                 	CPC  R25,R30
                 	.ENDM
                 
                 	.MACRO __CPWRR
                 	CP   R@0,R@2
                 	CPC  R@1,R@3
                 	.ENDM
                 
                 	.MACRO __CPWRN
                 	CPI  R@0,LOW(@2)
                 	LDI  R30,HIGH(@2)
                 	CPC  R@1,R30
                 	.ENDM
                 
                 	.MACRO __ADDB1MN
                 	SUBI R30,LOW(-@0-(@1))
                 	.ENDM
                 
                 	.MACRO __ADDB2MN
                 	SUBI R26,LOW(-@0-(@1))
                 	.ENDM
                 
                 	.MACRO __ADDW1MN
                 	SUBI R30,LOW(-@0-(@1))
                 	SBCI R31,HIGH(-@0-(@1))
                 	.ENDM
                 
                 	.MACRO __ADDW2MN
                 	SUBI R26,LOW(-@0-(@1))
                 	SBCI R27,HIGH(-@0-(@1))
                 	.ENDM
                 
                 	.MACRO __ADDW1FN
                 	SUBI R30,LOW(-2*@0-(@1))
                 	SBCI R31,HIGH(-2*@0-(@1))
                 	.ENDM
                 
                 	.MACRO __ADDD1FN
                 	SUBI R30,LOW(-2*@0-(@1))
                 	SBCI R31,HIGH(-2*@0-(@1))
                 	SBCI R22,BYTE3(-2*@0-(@1))
                 	.ENDM
                 
                 	.MACRO __ADDD1N
                 	SUBI R30,LOW(-@0)
                 	SBCI R31,HIGH(-@0)
                 	SBCI R22,BYTE3(-@0)
                 	SBCI R23,BYTE4(-@0)
                 	.ENDM
                 
                 	.MACRO __ADDD2N
                 	SUBI R26,LOW(-@0)
                 	SBCI R27,HIGH(-@0)
                 	SBCI R24,BYTE3(-@0)
                 	SBCI R25,BYTE4(-@0)
                 	.ENDM
                 
                 	.MACRO __SUBD1N
                 	SUBI R30,LOW(@0)
                 	SBCI R31,HIGH(@0)
                 	SBCI R22,BYTE3(@0)
                 	SBCI R23,BYTE4(@0)
                 	.ENDM
                 
                 	.MACRO __SUBD2N
                 	SUBI R26,LOW(@0)
                 	SBCI R27,HIGH(@0)
                 	SBCI R24,BYTE3(@0)
                 	SBCI R25,BYTE4(@0)
                 	.ENDM
                 
                 	.MACRO __ANDBMNN
                 	LDS  R30,@0+(@1)
                 	ANDI R30,LOW(@2)
                 	STS  @0+(@1),R30
                 	.ENDM
                 
                 	.MACRO __ANDWMNN
                 	LDS  R30,@0+(@1)
                 	ANDI R30,LOW(@2)
                 	STS  @0+(@1),R30
                 	LDS  R30,@0+(@1)+1
                 	ANDI R30,HIGH(@2)
                 	STS  @0+(@1)+1,R30
                 	.ENDM
                 
                 	.MACRO __ANDD1N
                 	ANDI R30,LOW(@0)
                 	ANDI R31,HIGH(@0)
                 	ANDI R22,BYTE3(@0)
                 	ANDI R23,BYTE4(@0)
                 	.ENDM
                 
                 	.MACRO __ANDD2N
                 	ANDI R26,LOW(@0)
                 	ANDI R27,HIGH(@0)
                 	ANDI R24,BYTE3(@0)
                 	ANDI R25,BYTE4(@0)
                 	.ENDM
                 
                 	.MACRO __ORBMNN
                 	LDS  R30,@0+(@1)
                 	ORI  R30,LOW(@2)
                 	STS  @0+(@1),R30
                 	.ENDM
                 
                 	.MACRO __ORWMNN
                 	LDS  R30,@0+(@1)
                 	ORI  R30,LOW(@2)
                 	STS  @0+(@1),R30
                 	LDS  R30,@0+(@1)+1
                 	ORI  R30,HIGH(@2)
                 	STS  @0+(@1)+1,R30
                 	.ENDM
                 
                 	.MACRO __ORD1N
                 	ORI  R30,LOW(@0)
                 	ORI  R31,HIGH(@0)
                 	ORI  R22,BYTE3(@0)
                 	ORI  R23,BYTE4(@0)
                 	.ENDM
                 
                 	.MACRO __ORD2N
                 	ORI  R26,LOW(@0)
                 	ORI  R27,HIGH(@0)
                 	ORI  R24,BYTE3(@0)
                 	ORI  R25,BYTE4(@0)
                 	.ENDM
                 
                 	.MACRO __DELAY_USB
                 	LDI  R24,LOW(@0)
                 __DELAY_USB_LOOP:
                 	DEC  R24
                 	BRNE __DELAY_USB_LOOP
                 	.ENDM
                 
                 	.MACRO __DELAY_USW
                 	LDI  R24,LOW(@0)
                 	LDI  R25,HIGH(@0)
                 __DELAY_USW_LOOP:
                 	SBIW R24,1
                 	BRNE __DELAY_USW_LOOP
                 	.ENDM
                 
                 	.MACRO __GETD1S
                 	LDD  R30,Y+@0
                 	LDD  R31,Y+@0+1
                 	LDD  R22,Y+@0+2
                 	LDD  R23,Y+@0+3
                 	.ENDM
                 
                 	.MACRO __GETD2S
                 	LDD  R26,Y+@0
                 	LDD  R27,Y+@0+1
                 	LDD  R24,Y+@0+2
                 	LDD  R25,Y+@0+3
                 	.ENDM
                 
                 	.MACRO __PUTD1S
                 	STD  Y+@0,R30
                 	STD  Y+@0+1,R31
                 	STD  Y+@0+2,R22
                 	STD  Y+@0+3,R23
                 	.ENDM
                 
                 	.MACRO __PUTD2S
                 	STD  Y+@0,R26
                 	STD  Y+@0+1,R27
                 	STD  Y+@0+2,R24
                 	STD  Y+@0+3,R25
                 	.ENDM
                 
                 	.MACRO __PUTDZ2
                 	STD  Z+@0,R26
                 	STD  Z+@0+1,R27
                 	STD  Z+@0+2,R24
                 	STD  Z+@0+3,R25
                 	.ENDM
                 
                 	.MACRO __CLRD1S
                 	STD  Y+@0,R30
                 	STD  Y+@0+1,R30
                 	STD  Y+@0+2,R30
                 	STD  Y+@0+3,R30
                 	.ENDM
                 
                 	.MACRO __POINTB1MN
                 	LDI  R30,LOW(@0+(@1))
                 	.ENDM
                 
                 	.MACRO __POINTW1MN
                 	LDI  R30,LOW(@0+(@1))
                 	LDI  R31,HIGH(@0+(@1))
                 	.ENDM
                 
                 	.MACRO __POINTD1M
                 	LDI  R30,LOW(@0)
                 	LDI  R31,HIGH(@0)
                 	LDI  R22,BYTE3(@0)
                 	LDI  R23,BYTE4(@0)
                 	.ENDM
                 
                 	.MACRO __POINTW1FN
                 	LDI  R30,LOW(2*@0+(@1))
                 	LDI  R31,HIGH(2*@0+(@1))
                 	.ENDM
                 
                 	.MACRO __POINTD1FN
                 	LDI  R30,LOW(2*@0+(@1))
                 	LDI  R31,HIGH(2*@0+(@1))
                 	LDI  R22,BYTE3(2*@0+(@1))
                 	LDI  R23,BYTE4(2*@0+(@1))
                 	.ENDM
                 
                 	.MACRO __POINTB2MN
                 	LDI  R26,LOW(@0+(@1))
                 	.ENDM
                 
                 	.MACRO __POINTW2MN
                 	LDI  R26,LOW(@0+(@1))
                 	LDI  R27,HIGH(@0+(@1))
                 	.ENDM
                 
                 	.MACRO __POINTW2FN
                 	LDI  R26,LOW(2*@0+(@1))
                 	LDI  R27,HIGH(2*@0+(@1))
                 	.ENDM
                 
                 	.MACRO __POINTD2FN
                 	LDI  R26,LOW(2*@0+(@1))
                 	LDI  R27,HIGH(2*@0+(@1))
                 	LDI  R24,BYTE3(2*@0+(@1))
                 	LDI  R25,BYTE4(2*@0+(@1))
                 	.ENDM
                 
                 	.MACRO __POINTBRM
                 	LDI  R@0,LOW(@1)
                 	.ENDM
                 
                 	.MACRO __POINTWRM
                 	LDI  R@0,LOW(@2)
                 	LDI  R@1,HIGH(@2)
                 	.ENDM
                 
                 	.MACRO __POINTBRMN
                 	LDI  R@0,LOW(@1+(@2))
                 	.ENDM
                 
                 	.MACRO __POINTWRMN
                 	LDI  R@0,LOW(@2+(@3))
                 	LDI  R@1,HIGH(@2+(@3))
                 	.ENDM
                 
                 	.MACRO __POINTWRFN
                 	LDI  R@0,LOW(@2*2+(@3))
                 	LDI  R@1,HIGH(@2*2+(@3))
                 	.ENDM
                 
                 	.MACRO __GETD1N
                 	LDI  R30,LOW(@0)
                 	LDI  R31,HIGH(@0)
                 	LDI  R22,BYTE3(@0)
                 	LDI  R23,BYTE4(@0)
                 	.ENDM
                 
                 	.MACRO __GETD2N
                 	LDI  R26,LOW(@0)
                 	LDI  R27,HIGH(@0)
                 	LDI  R24,BYTE3(@0)
                 	LDI  R25,BYTE4(@0)
                 	.ENDM
                 
                 	.MACRO __GETB1MN
                 	LDS  R30,@0+(@1)
                 	.ENDM
                 
                 	.MACRO __GETB1HMN
                 	LDS  R31,@0+(@1)
                 	.ENDM
                 
                 	.MACRO __GETW1MN
                 	LDS  R30,@0+(@1)
                 	LDS  R31,@0+(@1)+1
                 	.ENDM
                 
                 	.MACRO __GETD1MN
                 	LDS  R30,@0+(@1)
                 	LDS  R31,@0+(@1)+1
                 	LDS  R22,@0+(@1)+2
                 	LDS  R23,@0+(@1)+3
                 	.ENDM
                 
                 	.MACRO __GETBRMN
                 	LDS  R@0,@1+(@2)
                 	.ENDM
                 
                 	.MACRO __GETWRMN
                 	LDS  R@0,@2+(@3)
                 	LDS  R@1,@2+(@3)+1
                 	.ENDM
                 
                 	.MACRO __GETWRZ
                 	LDD  R@0,Z+@2
                 	LDD  R@1,Z+@2+1
                 	.ENDM
                 
                 	.MACRO __GETD2Z
                 	LDD  R26,Z+@0
                 	LDD  R27,Z+@0+1
                 	LDD  R24,Z+@0+2
                 	LDD  R25,Z+@0+3
                 	.ENDM
                 
                 	.MACRO __GETB2MN
                 	LDS  R26,@0+(@1)
                 	.ENDM
                 
                 	.MACRO __GETW2MN
                 	LDS  R26,@0+(@1)
                 	LDS  R27,@0+(@1)+1
                 	.ENDM
                 
                 	.MACRO __GETD2MN
                 	LDS  R26,@0+(@1)
                 	LDS  R27,@0+(@1)+1
                 	LDS  R24,@0+(@1)+2
                 	LDS  R25,@0+(@1)+3
                 	.ENDM
                 
                 	.MACRO __PUTB1MN
                 	STS  @0+(@1),R30
                 	.ENDM
                 
                 	.MACRO __PUTW1MN
                 	STS  @0+(@1),R30
                 	STS  @0+(@1)+1,R31
                 	.ENDM
                 
                 	.MACRO __PUTD1MN
                 	STS  @0+(@1),R30
                 	STS  @0+(@1)+1,R31
                 	STS  @0+(@1)+2,R22
                 	STS  @0+(@1)+3,R23
                 	.ENDM
                 
                 	.MACRO __PUTB1EN
                 	LDI  R26,LOW(@0+(@1))
                 	LDI  R27,HIGH(@0+(@1))
                 	CALL __EEPROMWRB
                 	.ENDM
                 
                 	.MACRO __PUTW1EN
                 	LDI  R26,LOW(@0+(@1))
                 	LDI  R27,HIGH(@0+(@1))
                 	CALL __EEPROMWRW
                 	.ENDM
                 
                 	.MACRO __PUTD1EN
                 	LDI  R26,LOW(@0+(@1))
                 	LDI  R27,HIGH(@0+(@1))
                 	CALL __EEPROMWRD
                 	.ENDM
                 
                 	.MACRO __PUTBR0MN
                 	STS  @0+(@1),R0
                 	.ENDM
                 
                 	.MACRO __PUTBMRN
                 	STS  @0+(@1),R@2
                 	.ENDM
                 
                 	.MACRO __PUTWMRN
                 	STS  @0+(@1),R@2
                 	STS  @0+(@1)+1,R@3
                 	.ENDM
                 
                 	.MACRO __PUTBZR
                 	STD  Z+@1,R@0
                 	.ENDM
                 
                 	.MACRO __PUTWZR
                 	STD  Z+@2,R@0
                 	STD  Z+@2+1,R@1
                 	.ENDM
                 
                 	.MACRO __GETW1R
                 	MOV  R30,R@0
                 	MOV  R31,R@1
                 	.ENDM
                 
                 	.MACRO __GETW2R
                 	MOV  R26,R@0
                 	MOV  R27,R@1
                 	.ENDM
                 
                 	.MACRO __GETWRN
                 	LDI  R@0,LOW(@2)
                 	LDI  R@1,HIGH(@2)
                 	.ENDM
                 
                 	.MACRO __PUTW1R
                 	MOV  R@0,R30
                 	MOV  R@1,R31
                 	.ENDM
                 
                 	.MACRO __PUTW2R
                 	MOV  R@0,R26
                 	MOV  R@1,R27
                 	.ENDM
                 
                 	.MACRO __ADDWRN
                 	SUBI R@0,LOW(-@2)
                 	SBCI R@1,HIGH(-@2)
                 	.ENDM
                 
                 	.MACRO __ADDWRR
                 	ADD  R@0,R@2
                 	ADC  R@1,R@3
                 	.ENDM
                 
                 	.MACRO __SUBWRN
                 	SUBI R@0,LOW(@2)
                 	SBCI R@1,HIGH(@2)
                 	.ENDM
                 
                 	.MACRO __SUBWRR
                 	SUB  R@0,R@2
                 	SBC  R@1,R@3
                 	.ENDM
                 
                 	.MACRO __ANDWRN
                 	ANDI R@0,LOW(@2)
                 	ANDI R@1,HIGH(@2)
                 	.ENDM
                 
                 	.MACRO __ANDWRR
                 	AND  R@0,R@2
                 	AND  R@1,R@3
                 	.ENDM
                 
                 	.MACRO __ORWRN
                 	ORI  R@0,LOW(@2)
                 	ORI  R@1,HIGH(@2)
                 	.ENDM
                 
                 	.MACRO __ORWRR
                 	OR   R@0,R@2
                 	OR   R@1,R@3
                 	.ENDM
                 
                 	.MACRO __EORWRR
                 	EOR  R@0,R@2
                 	EOR  R@1,R@3
                 	.ENDM
                 
                 	.MACRO __GETWRS
                 	LDD  R@0,Y+@2
                 	LDD  R@1,Y+@2+1
                 	.ENDM
                 
                 	.MACRO __PUTBSR
                 	STD  Y+@1,R@0
                 	.ENDM
                 
                 	.MACRO __PUTWSR
                 	STD  Y+@2,R@0
                 	STD  Y+@2+1,R@1
                 	.ENDM
                 
                 	.MACRO __MOVEWRR
                 	MOV  R@0,R@2
                 	MOV  R@1,R@3
                 	.ENDM
                 
                 	.MACRO __INWR
                 	IN   R@0,@2
                 	IN   R@1,@2+1
                 	.ENDM
                 
                 	.MACRO __OUTWR
                 	OUT  @2+1,R@1
                 	OUT  @2,R@0
                 	.ENDM
                 
                 	.MACRO __CALL1MN
                 	LDS  R30,@0+(@1)
                 	LDS  R31,@0+(@1)+1
                 	ICALL
                 	.ENDM
                 
                 	.MACRO __CALL1FN
                 	LDI  R30,LOW(2*@0+(@1))
                 	LDI  R31,HIGH(2*@0+(@1))
                 	CALL __GETW1PF
                 	ICALL
                 	.ENDM
                 
                 	.MACRO __CALL2EN
                 	PUSH R26
                 	PUSH R27
                 	LDI  R26,LOW(@0+(@1))
                 	LDI  R27,HIGH(@0+(@1))
                 	CALL __EEPROMRDW
                 	POP  R27
                 	POP  R26
                 	ICALL
                 	.ENDM
                 
                 	.MACRO __CALL2EX
                 	SUBI R26,LOW(-@0)
                 	SBCI R27,HIGH(-@0)
                 	CALL __EEPROMRDD
                 	ICALL
                 	.ENDM
                 
                 	.MACRO __GETW1STACK
                 	IN   R30,SPL
                 	IN   R31,SPH
                 	ADIW R30,@0+1
                 	LD   R0,Z+
                 	LD   R31,Z
                 	MOV  R30,R0
                 	.ENDM
                 
                 	.MACRO __GETD1STACK
                 	IN   R30,SPL
                 	IN   R31,SPH
                 	ADIW R30,@0+1
                 	LD   R0,Z+
                 	LD   R1,Z+
                 	LD   R22,Z
                 	MOVW R30,R0
                 	.ENDM
                 
                 	.MACRO __NBST
                 	BST  R@0,@1
                 	IN   R30,SREG
                 	LDI  R31,0x40
                 	EOR  R30,R31
                 	OUT  SREG,R30
                 	.ENDM
                 
                 
                 	.MACRO __PUTB1SN
                 	LDD  R26,Y+@0
                 	LDD  R27,Y+@0+1
                 	SUBI R26,LOW(-@1)
                 	SBCI R27,HIGH(-@1)
                 	ST   X,R30
                 	.ENDM
                 
                 	.MACRO __PUTW1SN
                 	LDD  R26,Y+@0
                 	LDD  R27,Y+@0+1
                 	SUBI R26,LOW(-@1)
                 	SBCI R27,HIGH(-@1)
                 	ST   X+,R30
                 	ST   X,R31
                 	.ENDM
                 
                 	.MACRO __PUTD1SN
                 	LDD  R26,Y+@0
                 	LDD  R27,Y+@0+1
                 	SUBI R26,LOW(-@1)
                 	SBCI R27,HIGH(-@1)
                 	CALL __PUTDP1
                 	.ENDM
                 
                 	.MACRO __PUTB1SNS
                 	LDD  R26,Y+@0
                 	LDD  R27,Y+@0+1
                 	ADIW R26,@1
                 	ST   X,R30
                 	.ENDM
                 
                 	.MACRO __PUTW1SNS
                 	LDD  R26,Y+@0
                 	LDD  R27,Y+@0+1
                 	ADIW R26,@1
                 	ST   X+,R30
                 	ST   X,R31
                 	.ENDM
                 
                 	.MACRO __PUTD1SNS
                 	LDD  R26,Y+@0
                 	LDD  R27,Y+@0+1
                 	ADIW R26,@1
                 	CALL __PUTDP1
                 	.ENDM
                 
                 	.MACRO __PUTB1PMN
                 	LDS  R26,@0
                 	LDS  R27,@0+1
                 	SUBI R26,LOW(-@1)
                 	SBCI R27,HIGH(-@1)
                 	ST   X,R30
                 	.ENDM
                 
                 	.MACRO __PUTW1PMN
                 	LDS  R26,@0
                 	LDS  R27,@0+1
                 	SUBI R26,LOW(-@1)
                 	SBCI R27,HIGH(-@1)
                 	ST   X+,R30
                 	ST   X,R31
                 	.ENDM
                 
                 	.MACRO __PUTD1PMN
                 	LDS  R26,@0
                 	LDS  R27,@0+1
                 	SUBI R26,LOW(-@1)
                 	SBCI R27,HIGH(-@1)
                 	CALL __PUTDP1
                 	.ENDM
                 
                 	.MACRO __PUTB1PMNS
                 	LDS  R26,@0
                 	LDS  R27,@0+1
                 	ADIW R26,@1
                 	ST   X,R30
                 	.ENDM
                 
                 	.MACRO __PUTW1PMNS
                 	LDS  R26,@0
                 	LDS  R27,@0+1
                 	ADIW R26,@1
                 	ST   X+,R30
                 	ST   X,R31
                 	.ENDM
                 
                 	.MACRO __PUTD1PMNS
                 	LDS  R26,@0
                 	LDS  R27,@0+1
                 	ADIW R26,@1
                 	CALL __PUTDP1
                 	.ENDM
                 
                 	.MACRO __PUTB1RN
                 	MOVW R26,R@0
                 	SUBI R26,LOW(-@1)
                 	SBCI R27,HIGH(-@1)
                 	ST   X,R30
                 	.ENDM
                 
                 	.MACRO __PUTW1RN
                 	MOVW R26,R@0
                 	SUBI R26,LOW(-@1)
                 	SBCI R27,HIGH(-@1)
                 	ST   X+,R30
                 	ST   X,R31
                 	.ENDM
                 
                 	.MACRO __PUTD1RN
                 	MOVW R26,R@0
                 	SUBI R26,LOW(-@1)
                 	SBCI R27,HIGH(-@1)
                 	CALL __PUTDP1
                 	.ENDM
                 
                 	.MACRO __PUTB1RNS
                 	MOVW R26,R@0
                 	ADIW R26,@1
                 	ST   X,R30
                 	.ENDM
                 
                 	.MACRO __PUTW1RNS
                 	MOVW R26,R@0
                 	ADIW R26,@1
                 	ST   X+,R30
                 	ST   X,R31
                 	.ENDM
                 
                 	.MACRO __PUTD1RNS
                 	MOVW R26,R@0
                 	ADIW R26,@1
                 	CALL __PUTDP1
                 	.ENDM
                 
                 	.MACRO __PUTB1RON
                 	MOV  R26,R@0
                 	MOV  R27,R@1
                 	SUBI R26,LOW(-@2)
                 	SBCI R27,HIGH(-@2)
                 	ST   X,R30
                 	.ENDM
                 
                 	.MACRO __PUTW1RON
                 	MOV  R26,R@0
                 	MOV  R27,R@1
                 	SUBI R26,LOW(-@2)
                 	SBCI R27,HIGH(-@2)
                 	ST   X+,R30
                 	ST   X,R31
                 	.ENDM
                 
                 	.MACRO __PUTD1RON
                 	MOV  R26,R@0
                 	MOV  R27,R@1
                 	SUBI R26,LOW(-@2)
                 	SBCI R27,HIGH(-@2)
                 	CALL __PUTDP1
                 	.ENDM
                 
                 	.MACRO __PUTB1RONS
                 	MOV  R26,R@0
                 	MOV  R27,R@1
                 	ADIW R26,@2
                 	ST   X,R30
                 	.ENDM
                 
                 	.MACRO __PUTW1RONS
                 	MOV  R26,R@0
                 	MOV  R27,R@1
                 	ADIW R26,@2
                 	ST   X+,R30
                 	ST   X,R31
                 	.ENDM
                 
                 	.MACRO __PUTD1RONS
                 	MOV  R26,R@0
                 	MOV  R27,R@1
                 	ADIW R26,@2
                 	CALL __PUTDP1
                 	.ENDM
                 
                 
                 	.MACRO __GETB1SX
                 	MOVW R30,R28
                 	SUBI R30,LOW(-@0)
                 	SBCI R31,HIGH(-@0)
                 	LD   R30,Z
                 	.ENDM
                 
                 	.MACRO __GETB1HSX
                 	MOVW R30,R28
                 	SUBI R30,LOW(-@0)
                 	SBCI R31,HIGH(-@0)
                 	LD   R31,Z
                 	.ENDM
                 
                 	.MACRO __GETW1SX
                 	MOVW R30,R28
                 	SUBI R30,LOW(-@0)
                 	SBCI R31,HIGH(-@0)
                 	LD   R0,Z+
                 	LD   R31,Z
                 	MOV  R30,R0
                 	.ENDM
                 
                 	.MACRO __GETD1SX
                 	MOVW R30,R28
                 	SUBI R30,LOW(-@0)
                 	SBCI R31,HIGH(-@0)
                 	LD   R0,Z+
                 	LD   R1,Z+
                 	LD   R22,Z+
                 	LD   R23,Z
                 	MOVW R30,R0
                 	.ENDM
                 
                 	.MACRO __GETB2SX
                 	MOVW R26,R28
                 	SUBI R26,LOW(-@0)
                 	SBCI R27,HIGH(-@0)
                 	LD   R26,X
                 	.ENDM
                 
                 	.MACRO __GETW2SX
                 	MOVW R26,R28
                 	SUBI R26,LOW(-@0)
                 	SBCI R27,HIGH(-@0)
                 	LD   R0,X+
                 	LD   R27,X
                 	MOV  R26,R0
                 	.ENDM
                 
                 	.MACRO __GETD2SX
                 	MOVW R26,R28
                 	SUBI R26,LOW(-@0)
                 	SBCI R27,HIGH(-@0)
                 	LD   R0,X+
                 	LD   R1,X+
                 	LD   R24,X+
                 	LD   R25,X
                 	MOVW R26,R0
                 	.ENDM
                 
                 	.MACRO __GETBRSX
                 	MOVW R30,R28
                 	SUBI R30,LOW(-@1)
                 	SBCI R31,HIGH(-@1)
                 	LD   R@0,Z
                 	.ENDM
                 
                 	.MACRO __GETWRSX
                 	MOVW R30,R28
                 	SUBI R30,LOW(-@2)
                 	SBCI R31,HIGH(-@2)
                 	LD   R@0,Z+
                 	LD   R@1,Z
                 	.ENDM
                 
                 	.MACRO __GETBRSX2
                 	MOVW R26,R28
                 	SUBI R26,LOW(-@1)
                 	SBCI R27,HIGH(-@1)
                 	LD   R@0,X
                 	.ENDM
                 
                 	.MACRO __GETWRSX2
                 	MOVW R26,R28
                 	SUBI R26,LOW(-@2)
                 	SBCI R27,HIGH(-@2)
                 	LD   R@0,X+
                 	LD   R@1,X
                 	.ENDM
                 
                 	.MACRO __LSLW8SX
                 	MOVW R30,R28
                 	SUBI R30,LOW(-@0)
                 	SBCI R31,HIGH(-@0)
                 	LD   R31,Z
                 	CLR  R30
                 	.ENDM
                 
                 	.MACRO __PUTB1SX
                 	MOVW R26,R28
                 	SUBI R26,LOW(-@0)
                 	SBCI R27,HIGH(-@0)
                 	ST   X,R30
                 	.ENDM
                 
                 	.MACRO __PUTW1SX
                 	MOVW R26,R28
                 	SUBI R26,LOW(-@0)
                 	SBCI R27,HIGH(-@0)
                 	ST   X+,R30
                 	ST   X,R31
                 	.ENDM
                 
                 	.MACRO __PUTD1SX
                 	MOVW R26,R28
                 	SUBI R26,LOW(-@0)
                 	SBCI R27,HIGH(-@0)
                 	ST   X+,R30
                 	ST   X+,R31
                 	ST   X+,R22
                 	ST   X,R23
                 	.ENDM
                 
                 	.MACRO __CLRW1SX
                 	MOVW R26,R28
                 	SUBI R26,LOW(-@0)
                 	SBCI R27,HIGH(-@0)
                 	ST   X+,R30
                 	ST   X,R30
                 	.ENDM
                 
                 	.MACRO __CLRD1SX
                 	MOVW R26,R28
                 	SUBI R26,LOW(-@0)
                 	SBCI R27,HIGH(-@0)
                 	ST   X+,R30
                 	ST   X+,R30
                 	ST   X+,R30
                 	ST   X,R30
                 	.ENDM
                 
                 	.MACRO __PUTB2SX
                 	MOVW R30,R28
                 	SUBI R30,LOW(-@0)
                 	SBCI R31,HIGH(-@0)
                 	ST   Z,R26
                 	.ENDM
                 
                 	.MACRO __PUTW2SX
                 	MOVW R30,R28
                 	SUBI R30,LOW(-@0)
                 	SBCI R31,HIGH(-@0)
                 	ST   Z+,R26
                 	ST   Z,R27
                 	.ENDM
                 
                 	.MACRO __PUTD2SX
                 	MOVW R30,R28
                 	SUBI R30,LOW(-@0)
                 	SBCI R31,HIGH(-@0)
                 	ST   Z+,R26
                 	ST   Z+,R27
                 	ST   Z+,R24
                 	ST   Z,R25
                 	.ENDM
                 
                 	.MACRO __PUTBSRX
                 	MOVW R30,R28
                 	SUBI R30,LOW(-@1)
                 	SBCI R31,HIGH(-@1)
                 	ST   Z,R@0
                 	.ENDM
                 
                 	.MACRO __PUTWSRX
                 	MOVW R30,R28
                 	SUBI R30,LOW(-@2)
                 	SBCI R31,HIGH(-@2)
                 	ST   Z+,R@0
                 	ST   Z,R@1
                 	.ENDM
                 
                 	.MACRO __PUTB1SNX
                 	MOVW R26,R28
                 	SUBI R26,LOW(-@0)
                 	SBCI R27,HIGH(-@0)
                 	LD   R0,X+
                 	LD   R27,X
                 	MOV  R26,R0
                 	SUBI R26,LOW(-@1)
                 	SBCI R27,HIGH(-@1)
                 	ST   X,R30
                 	.ENDM
                 
                 	.MACRO __PUTW1SNX
                 	MOVW R26,R28
                 	SUBI R26,LOW(-@0)
                 	SBCI R27,HIGH(-@0)
                 	LD   R0,X+
                 	LD   R27,X
                 	MOV  R26,R0
                 	SUBI R26,LOW(-@1)
                 	SBCI R27,HIGH(-@1)
                 	ST   X+,R30
                 	ST   X,R31
                 	.ENDM
                 
                 	.MACRO __PUTD1SNX
                 	MOVW R26,R28
                 	SUBI R26,LOW(-@0)
                 	SBCI R27,HIGH(-@0)
                 	LD   R0,X+
                 	LD   R27,X
                 	MOV  R26,R0
                 	SUBI R26,LOW(-@1)
                 	SBCI R27,HIGH(-@1)
                 	ST   X+,R30
                 	ST   X+,R31
                 	ST   X+,R22
                 	ST   X,R23
                 	.ENDM
                 
                 	.MACRO __MULBRR
                 	MULS R@0,R@1
                 	MOVW R30,R0
                 	.ENDM
                 
                 	.MACRO __MULBRRU
                 	MUL  R@0,R@1
                 	MOVW R30,R0
                 	.ENDM
                 
                 	.MACRO __MULBRR0
                 	MULS R@0,R@1
                 	.ENDM
                 
                 	.MACRO __MULBRRU0
                 	MUL  R@0,R@1
                 	.ENDM
                 
                 	.MACRO __MULBNWRU
                 	LDI  R26,@2
                 	MUL  R26,R@0
                 	MOVW R30,R0
                 	MUL  R26,R@1
                 	ADD  R31,R0
                 	.ENDM
                 
                 ;NAME DEFINITIONS FOR GLOBAL VARIABLES ALLOCATED TO REGISTERS
                 	.DEF _i=R5
                 	.DEF __lcd_x=R4
                 	.DEF __lcd_y=R7
                 	.DEF __lcd_maxx=R6
                 
                 	.CSEG
                 	.ORG 0x00
                 
                 ;START OF CODE MARKER
                 __START_OF_CODE:
                 
                 ;INTERRUPT VECTORS
000000 940c 004e 	JMP  __RESET
000002 940c 0000 	JMP  0x00
000004 940c 0000 	JMP  0x00
000006 940c 0000 	JMP  0x00
000008 940c 0000 	JMP  0x00
00000a 940c 0000 	JMP  0x00
00000c 940c 0000 	JMP  0x00
00000e 940c 0000 	JMP  0x00
000010 940c 0000 	JMP  0x00
000012 940c 0000 	JMP  0x00
000014 940c 0000 	JMP  0x00
000016 940c 0000 	JMP  0x00
000018 940c 0000 	JMP  0x00
00001a 940c 0000 	JMP  0x00
00001c 940c 0000 	JMP  0x00
00001e 940c 0000 	JMP  0x00
000020 940c 0000 	JMP  0x00
000022 940c 0000 	JMP  0x00
000024 940c 0000 	JMP  0x00
000026 940c 0000 	JMP  0x00
000028 940c 0000 	JMP  0x00
                 
                 _tbl10_G101:
00002a 2710
00002b 03e8
00002c 0064
00002d 000a      	.DB  0x10,0x27,0xE8,0x3,0x64,0x0,0xA,0x0
00002e 0001      	.DB  0x1,0x0
                 _tbl16_G101:
00002f 1000
000030 0100
000031 0010
000032 0001      	.DB  0x0,0x10,0x0,0x1,0x10,0x0,0x1,0x0
                 
                 _0x0:
000033 6553
000034 6174
000035 6572
000036 2068      	.DB  0x53,0x65,0x74,0x61,0x72,0x65,0x68,0x20
000037 6142
000038 6162
000039 616a
00003a 696e      	.DB  0x42,0x61,0x62,0x61,0x6A,0x61,0x6E,0x69
00003b 5300
00003c 7465
00003d 7261
00003e 6865      	.DB  0x0,0x53,0x65,0x74,0x61,0x72,0x65,0x68
C:\Users\ASUS\Desktop\Az-Rizpar\HW9\Debug\List\hw9.asm(1132): warning: .cseg .db misalignment - padding zero byte
00003f 0000      	.DB  0x0
                 _0x2000003:
000040 c080      	.DB  0x80,0xC0
                 
                 __GLOBAL_INI_TBL:
000041 0011      	.DW  0x11
000042 0260      	.DW  _0xE
000043 0066      	.DW  _0x0*2
                 
000044 0008      	.DW  0x08
000045 0271      	.DW  _0xE+17
000046 0077      	.DW  _0x0*2+17
                 
000047 0009      	.DW  0x09
000048 0279      	.DW  _0xE+25
000049 006e      	.DW  _0x0*2+8
                 
00004a 0002      	.DW  0x02
00004b 0282      	.DW  __base_y_G100
00004c 0080      	.DW  _0x2000003*2
                 
                 _0xFFFFFFFF:
00004d 0000      	.DW  0
                 
                 #define __GLOBAL_INI_TBL_PRESENT 1
                 
                 __RESET:
00004e 94f8      	CLI
00004f 27ee      	CLR  R30
000050 bbec      	OUT  EECR,R30
                 
                 ;INTERRUPT VECTORS ARE PLACED
                 ;AT THE START OF FLASH
000051 e0f1      	LDI  R31,1
000052 bffb      	OUT  GICR,R31
000053 bfeb      	OUT  GICR,R30
000054 bfe5      	OUT  MCUCR,R30
                 
                 ;CLEAR R2-R14
000055 e08d      	LDI  R24,(14-2)+1
000056 e0a2      	LDI  R26,2
000057 27bb      	CLR  R27
                 __CLEAR_REG:
000058 93ed      	ST   X+,R30
000059 958a      	DEC  R24
00005a f7e9      	BRNE __CLEAR_REG
                 
                 ;CLEAR SRAM
00005b e080      	LDI  R24,LOW(__CLEAR_SRAM_SIZE)
00005c e098      	LDI  R25,HIGH(__CLEAR_SRAM_SIZE)
00005d e6a0      	LDI  R26,__SRAM_START
                 __CLEAR_SRAM:
00005e 93ed      	ST   X+,R30
00005f 9701      	SBIW R24,1
000060 f7e9      	BRNE __CLEAR_SRAM
                 
                 ;GLOBAL VARIABLES INITIALIZATION
000061 e8e2      	LDI  R30,LOW(__GLOBAL_INI_TBL*2)
000062 e0f0      	LDI  R31,HIGH(__GLOBAL_INI_TBL*2)
                 __GLOBAL_INI_NEXT:
000063 9185      	LPM  R24,Z+
000064 9195      	LPM  R25,Z+
000065 9700      	SBIW R24,0
000066 f061      	BREQ __GLOBAL_INI_END
000067 91a5      	LPM  R26,Z+
000068 91b5      	LPM  R27,Z+
000069 9005      	LPM  R0,Z+
00006a 9015      	LPM  R1,Z+
00006b 01bf      	MOVW R22,R30
00006c 01f0      	MOVW R30,R0
                 __GLOBAL_INI_LOOP:
00006d 9005      	LPM  R0,Z+
00006e 920d      	ST   X+,R0
00006f 9701      	SBIW R24,1
000070 f7e1      	BRNE __GLOBAL_INI_LOOP
000071 01fb      	MOVW R30,R22
000072 cff0      	RJMP __GLOBAL_INI_NEXT
                 __GLOBAL_INI_END:
                 
                 ;HARDWARE STACK POINTER INITIALIZATION
000073 e5ef      	LDI  R30,LOW(__SRAM_END-__HEAP_SIZE)
000074 bfed      	OUT  SPL,R30
000075 e0e8      	LDI  R30,HIGH(__SRAM_END-__HEAP_SIZE)
000076 bfee      	OUT  SPH,R30
                 
                 ;DATA STACK POINTER INITIALIZATION
000077 e6c0      	LDI  R28,LOW(__SRAM_START+__DSTACK_SIZE)
000078 e0d2      	LDI  R29,HIGH(__SRAM_START+__DSTACK_SIZE)
                 
000079 940c 007b 	JMP  _main
                 
                 	.ESEG
                 	.ORG 0
                 
                 	.DSEG
                 	.ORG 0x260
                 
                 	.CSEG
                 ;/*******************************************************
                 ;This program was created by the
                 ;CodeWizardAVR V3.14 Advanced
                 ;Automatic Program Generator
                 ;© Copyright 1998-2014 Pavel Haiduc, HP InfoTech s.r.l.
                 ;http://www.hpinfotech.com
                 ;
                 ;Project : HW9
                 ;Version :
                 ;Date    : 12/16/2023
                 ;Author  : setareh babajani
                 ;Company : IUST
                 ;Comments:
                 ;
                 ;
                 ;Chip type               : ATmega32
                 ;Program type            : Application
                 ;AVR Core Clock frequency: 1.000000 MHz
                 ;Memory model            : Small
                 ;External RAM size       : 0
                 ;Data Stack size         : 512
                 ;*******************************************************/
                 ;#include <mega32.h>
                 	#ifndef __SLEEP_DEFINED__
                 	#define __SLEEP_DEFINED__
                 	.EQU __se_bit=0x80
                 	.EQU __sm_mask=0x70
                 	.EQU __sm_powerdown=0x20
                 	.EQU __sm_powersave=0x30
                 	.EQU __sm_standby=0x60
                 	.EQU __sm_ext_standby=0x70
                 	.EQU __sm_adc_noise_red=0x10
                 	.SET power_ctrl_reg=mcucr
                 	#endif
                 ;#include <alcd.h>
                 ;#include <stdio.h>
                 ;
                 ;void usart_send_string(char *str);
                 ;unsigned char i;
                 ;void main(void)
                 ; 0000 001E {
                 
                 	.CSEG
                 _main:
                 ; .FSTART _main
                 ; 0000 001F     unsigned char a, counter=0;
                 ; 0000 0020     UCSRA=0x00;
                 ;	a -> R17
                 ;	counter -> R16
00007b e000      	LDI  R16,0
00007c e0e0      	LDI  R30,LOW(0)
00007d b9eb      	OUT  0xB,R30
                 ; 0000 0021     UCSRB=0x18;
00007e e1e8      	LDI  R30,LOW(24)
00007f b9ea      	OUT  0xA,R30
                 ; 0000 0022     UCSRC=0x86;
000080 e8e6      	LDI  R30,LOW(134)
000081 bde0      	OUT  0x20,R30
                 ; 0000 0023     UBRRH=0x00;
000082 e0e0      	LDI  R30,LOW(0)
000083 bde0      	OUT  0x20,R30
                 ; 0000 0024     UBRRL=0x33;
000084 e3e3      	LDI  R30,LOW(51)
000085 b9e9      	OUT  0x9,R30
                 ; 0000 0025 
                 ; 0000 0026     lcd_init(16);
000086 e1a0      	LDI  R26,LOW(16)
000087 d0b0      	RCALL _lcd_init
                 ; 0000 0027 
                 ; 0000 0028     while (1)
                 _0x3:
                 ; 0000 0029       {
                 ; 0000 002A         a = getchar();
000088 940e 0165 	CALL _getchar
00008a 2f1e      	MOV  R17,R30
                 ; 0000 002B         lcd_putchar(a);
00008b 2fa1      	MOV  R26,R17
00008c d083      	RCALL _lcd_putchar
                 ; 0000 002C         putchar(a);
00008d 2fa1      	MOV  R26,R17
00008e 940e 0169 	CALL _putchar
                 ; 0000 002D         if(a == 'C')
000090 3413      	CPI  R17,67
000091 f421      	BRNE _0x6
                 ; 0000 002E         {
                 ; 0000 002F             lcd_clear();
000092 d071      	RCALL _lcd_clear
                 ; 0000 0030             putchar(0x0D);
000093 940e 0170 	CALL SUBOPT_0x0
                 ; 0000 0031             putchar(0x0A);
                 ; 0000 0032         }
                 ; 0000 0033         else if(a == 'c')
000095 c027      	RJMP _0x7
                 _0x6:
000096 3613      	CPI  R17,99
000097 f441      	BRNE _0x8
                 ; 0000 0034         {
                 ; 0000 0035             for(counter =0; counter < 24; counter++)
000098 e000      	LDI  R16,LOW(0)
                 _0xA:
000099 3108      	CPI  R16,24
00009a f420      	BRSH _0xB
                 ; 0000 0036             {
                 ; 0000 0037                 putchar(0x0D);
00009b 940e 0170 	CALL SUBOPT_0x0
                 ; 0000 0038                 putchar(0x0A);
                 ; 0000 0039             }
00009d 5f0f      	SUBI R16,-1
00009e cffa      	RJMP _0xA
                 _0xB:
                 ; 0000 003A         }
                 ; 0000 003B         else if(a == 'N')
00009f c01d      	RJMP _0xC
                 _0x8:
0000a0 341e      	CPI  R17,78
0000a1 f441      	BRNE _0xD
                 ; 0000 003C         {
                 ; 0000 003D             putchar(0x0D);
0000a2 940e 0170 	CALL SUBOPT_0x0
                 ; 0000 003E             putchar(0x0A);
                 ; 0000 003F             usart_send_string("Setareh Babajani");
                +
0000a4 e6a0     +LDI R26 , LOW ( _0xE + ( 0 ) )
0000a5 e0b2     +LDI R27 , HIGH ( _0xE + ( 0 ) )
                 	__POINTW2MN _0xE,0
0000a6 d018      	RCALL _usart_send_string
                 ; 0000 0040             putchar(0x0D);
0000a7 940e 0170 	CALL SUBOPT_0x0
                 ; 0000 0041             putchar(0x0A);
                 ; 0000 0042 
                 ; 0000 0043         }
                 ; 0000 0044         else if(a == 'M')
0000a9 c013      	RJMP _0xF
                 _0xD:
0000aa 341d      	CPI  R17,77
0000ab f489      	BRNE _0x10
                 ; 0000 0045         {
                 ; 0000 0046 
                 ; 0000 0047             putchar(0x0D);
0000ac 940e 0170 	CALL SUBOPT_0x0
                 ; 0000 0048             putchar(0x0A);
                 ; 0000 0049             lcd_clear();
0000ae d055      	RCALL _lcd_clear
                 ; 0000 004A             lcd_gotoxy(5,0);
0000af e0e5      	LDI  R30,LOW(5)
0000b0 93ea      	ST   -Y,R30
0000b1 e0a0      	LDI  R26,LOW(0)
0000b2 d044      	RCALL _lcd_gotoxy
                 ; 0000 004B             lcd_puts("Setareh");
                +
0000b3 e7a1     +LDI R26 , LOW ( _0xE + ( 17 ) )
0000b4 e0b2     +LDI R27 , HIGH ( _0xE + ( 17 ) )
                 	__POINTW2MN _0xE,17
0000b5 d071      	RCALL _lcd_puts
                 ; 0000 004C             lcd_gotoxy(0,1);
0000b6 e0e0      	LDI  R30,LOW(0)
0000b7 93ea      	ST   -Y,R30
0000b8 e0a1      	LDI  R26,LOW(1)
0000b9 d03d      	RCALL _lcd_gotoxy
                 ; 0000 004D             lcd_puts("Babajani");
                +
0000ba e7a9     +LDI R26 , LOW ( _0xE + ( 25 ) )
0000bb e0b2     +LDI R27 , HIGH ( _0xE + ( 25 ) )
                 	__POINTW2MN _0xE,25
0000bc d06a      	RCALL _lcd_puts
                 ; 0000 004E         }
                 ; 0000 004F 
                 ; 0000 0050       }
                 _0x10:
                 _0xF:
                 _0xC:
                 _0x7:
0000bd cfca      	RJMP _0x3
                 ; 0000 0051 }
                 _0x11:
0000be cfff      	RJMP _0x11
                 ; .FEND
                 
                 	.DSEG
                 _0xE:
000260           	.BYTE 0x22
                 ;void usart_send_string(char *str)
                 ; 0000 0053 {
                 
                 	.CSEG
                 _usart_send_string:
                 ; .FSTART _usart_send_string
                 ; 0000 0054     for(i=0;str[i];i++)
0000bf 93ba      	ST   -Y,R27
0000c0 93aa      	ST   -Y,R26
                 ;	*str -> Y+0
0000c1 2455      	CLR  R5
                 _0x13:
0000c2 81a8      	LD   R26,Y
0000c3 81b9      	LDD  R27,Y+1
0000c4 27ee      	CLR  R30
0000c5 0da5      	ADD  R26,R5
0000c6 1fbe      	ADC  R27,R30
0000c7 91ec      	LD   R30,X
0000c8 30e0      	CPI  R30,0
0000c9 f051      	BREQ _0x14
                 ; 0000 0055     putchar(str[i]);
0000ca 81a8      	LD   R26,Y
0000cb 81b9      	LDD  R27,Y+1
0000cc 27ee      	CLR  R30
0000cd 0da5      	ADD  R26,R5
0000ce 1fbe      	ADC  R27,R30
0000cf 91ac      	LD   R26,X
0000d0 940e 0169 	CALL _putchar
0000d2 9453      	INC  R5
0000d3 cfee      	RJMP _0x13
                 _0x14:
                 ; 0000 0056 }
0000d4 c02d      	RJMP _0x2080002
                 ; .FEND
                 ;
                 	#ifndef __SLEEP_DEFINED__
                 	#endif
                 
                 	.DSEG
                 
                 	.CSEG
                 __lcd_write_nibble_G100:
                 ; .FSTART __lcd_write_nibble_G100
0000d5 93aa      	ST   -Y,R26
0000d6 b3e5      	IN   R30,0x15
0000d7 70ef      	ANDI R30,LOW(0xF)
0000d8 2fae      	MOV  R26,R30
0000d9 81e8      	LD   R30,Y
0000da 7fe0      	ANDI R30,LOW(0xF0)
0000db 2bea      	OR   R30,R26
0000dc bbe5      	OUT  0x15,R30
                +
0000dd e082     +LDI R24 , LOW ( 2 )
                +__DELAY_USB_LOOP :
0000de 958a     +DEC R24
0000df f7f1     +BRNE __DELAY_USB_LOOP
                 	__DELAY_USB 2
0000e0 9aaa      	SBI  0x15,2
                +
0000e1 e082     +LDI R24 , LOW ( 2 )
                +__DELAY_USB_LOOP :
0000e2 958a     +DEC R24
0000e3 f7f1     +BRNE __DELAY_USB_LOOP
                 	__DELAY_USB 2
0000e4 98aa      	CBI  0x15,2
                +
0000e5 e082     +LDI R24 , LOW ( 2 )
                +__DELAY_USB_LOOP :
0000e6 958a     +DEC R24
0000e7 f7f1     +BRNE __DELAY_USB_LOOP
                 	__DELAY_USB 2
0000e8 940c 016e 	JMP  _0x2080001
                 ; .FEND
                 __lcd_write_data:
                 ; .FSTART __lcd_write_data
0000ea 93aa      	ST   -Y,R26
0000eb 81a8      	LD   R26,Y
0000ec dfe8      	RCALL __lcd_write_nibble_G100
0000ed 81e8          ld    r30,y
0000ee 95e2          swap  r30
0000ef 83e8          st    y,r30
0000f0 81a8      	LD   R26,Y
0000f1 dfe3      	RCALL __lcd_write_nibble_G100
                +
0000f2 e181     +LDI R24 , LOW ( 17 )
                +__DELAY_USB_LOOP :
0000f3 958a     +DEC R24
0000f4 f7f1     +BRNE __DELAY_USB_LOOP
                 	__DELAY_USB 17
0000f5 940c 016e 	JMP  _0x2080001
                 ; .FEND
                 _lcd_gotoxy:
                 ; .FSTART _lcd_gotoxy
0000f7 93aa      	ST   -Y,R26
0000f8 81e8      	LD   R30,Y
0000f9 e0f0      	LDI  R31,0
0000fa 57ee      	SUBI R30,LOW(-__base_y_G100)
0000fb 4ffd      	SBCI R31,HIGH(-__base_y_G100)
0000fc 81e0      	LD   R30,Z
0000fd 81a9      	LDD  R26,Y+1
0000fe 0fae      	ADD  R26,R30
0000ff dfea      	RCALL __lcd_write_data
000100 8049      	LDD  R4,Y+1
000101 8078      	LDD  R7,Y+0
                 _0x2080002:
000102 9622      	ADIW R28,2
000103 9508      	RET
                 ; .FEND
                 _lcd_clear:
                 ; .FSTART _lcd_clear
000104 e0a2      	LDI  R26,LOW(2)
000105 940e 0176 	CALL SUBOPT_0x1
000107 e0ac      	LDI  R26,LOW(12)
000108 dfe1      	RCALL __lcd_write_data
000109 e0a1      	LDI  R26,LOW(1)
00010a 940e 0176 	CALL SUBOPT_0x1
00010c e0e0      	LDI  R30,LOW(0)
00010d 2e7e      	MOV  R7,R30
00010e 2e4e      	MOV  R4,R30
00010f 9508      	RET
                 ; .FEND
                 _lcd_putchar:
                 ; .FSTART _lcd_putchar
000110 93aa      	ST   -Y,R26
000111 81a8      	LD   R26,Y
000112 30aa      	CPI  R26,LOW(0xA)
000113 f011      	BREQ _0x2000005
000114 1446      	CP   R4,R6
000115 f050      	BRLO _0x2000004
                 _0x2000005:
000116 e0e0      	LDI  R30,LOW(0)
000117 93ea      	ST   -Y,R30
000118 9473      	INC  R7
000119 2da7      	MOV  R26,R7
00011a dfdc      	RCALL _lcd_gotoxy
00011b 81a8      	LD   R26,Y
00011c 30aa      	CPI  R26,LOW(0xA)
00011d f411      	BRNE _0x2000007
00011e 940c 016e 	JMP  _0x2080001
                 _0x2000007:
                 _0x2000004:
000120 9443      	INC  R4
000121 9aa8      	SBI  0x15,0
000122 81a8      	LD   R26,Y
000123 dfc6      	RCALL __lcd_write_data
000124 98a8      	CBI  0x15,0
000125 940c 016e 	JMP  _0x2080001
                 ; .FEND
                 _lcd_puts:
                 ; .FSTART _lcd_puts
000127 93ba      	ST   -Y,R27
000128 93aa      	ST   -Y,R26
000129 931a      	ST   -Y,R17
                 _0x2000008:
00012a 81a9      	LDD  R26,Y+1
00012b 81ba      	LDD  R27,Y+1+1
00012c 91ed      	LD   R30,X+
00012d 83a9      	STD  Y+1,R26
00012e 83ba      	STD  Y+1+1,R27
00012f 2f1e      	MOV  R17,R30
000130 30e0      	CPI  R30,0
000131 f019      	BREQ _0x200000A
000132 2fa1      	MOV  R26,R17
000133 dfdc      	RCALL _lcd_putchar
000134 cff5      	RJMP _0x2000008
                 _0x200000A:
000135 8118      	LDD  R17,Y+0
000136 9623      	ADIW R28,3
000137 9508      	RET
                 ; .FEND
                 _lcd_init:
                 ; .FSTART _lcd_init
000138 93aa      	ST   -Y,R26
000139 b3e4      	IN   R30,0x14
00013a 6fe0      	ORI  R30,LOW(0xF0)
00013b bbe4      	OUT  0x14,R30
00013c 9aa2      	SBI  0x14,2
00013d 9aa0      	SBI  0x14,0
00013e 9aa1      	SBI  0x14,1
00013f 98aa      	CBI  0x15,2
000140 98a8      	CBI  0x15,0
000141 98a9      	CBI  0x15,1
000142 8068      	LDD  R6,Y+0
000143 81e8      	LD   R30,Y
000144 58e0      	SUBI R30,-LOW(128)
                +
000145 93e0 0284+STS __base_y_G100 + ( 2 ) , R30
                 	__PUTB1MN __base_y_G100,2
000147 81e8      	LD   R30,Y
000148 54e0      	SUBI R30,-LOW(192)
                +
000149 93e0 0285+STS __base_y_G100 + ( 3 ) , R30
                 	__PUTB1MN __base_y_G100,3
00014b e1a4      	LDI  R26,LOW(20)
00014c e0b0      	LDI  R27,0
00014d 940e 0183 	CALL _delay_ms
00014f 940e 017c 	CALL SUBOPT_0x2
000151 940e 017c 	CALL SUBOPT_0x2
000153 940e 017c 	CALL SUBOPT_0x2
000155 e2a0      	LDI  R26,LOW(32)
000156 df7e      	RCALL __lcd_write_nibble_G100
                +
000157 e281     +LDI R24 , LOW ( 33 )
                +__DELAY_USB_LOOP :
000158 958a     +DEC R24
000159 f7f1     +BRNE __DELAY_USB_LOOP
                 	__DELAY_USB 33
00015a e2a8      	LDI  R26,LOW(40)
00015b df8e      	RCALL __lcd_write_data
00015c e0a4      	LDI  R26,LOW(4)
00015d df8c      	RCALL __lcd_write_data
00015e e8a5      	LDI  R26,LOW(133)
00015f df8a      	RCALL __lcd_write_data
000160 e0a6      	LDI  R26,LOW(6)
000161 df88      	RCALL __lcd_write_data
000162 dfa1      	RCALL _lcd_clear
000163 940c 016e 	JMP  _0x2080001
                 ; .FEND
                 	#ifndef __SLEEP_DEFINED__
                 	#endif
                 
                 	.CSEG
                 _getchar:
                 ; .FSTART _getchar
                 getchar0:
000165 9b5f           sbis usr,rxc
000166 cffe           rjmp getchar0
000167 b1ec           in   r30,udr
000168 9508      	RET
                 ; .FEND
                 _putchar:
                 ; .FSTART _putchar
000169 93aa      	ST   -Y,R26
                 putchar0:
00016a 9b5d           sbis usr,udre
00016b cffe           rjmp putchar0
00016c 81e8           ld   r30,y
00016d b9ec           out  udr,r30
                 _0x2080001:
00016e 9621      	ADIW R28,1
00016f 9508      	RET
                 ; .FEND
                 
                 	.CSEG
                 
                 	.CSEG
                 
                 	.DSEG
                 __base_y_G100:
000282           	.BYTE 0x4
                 
                 	.CSEG
                 ;OPTIMIZER ADDED SUBROUTINE, CALLED 5 TIMES, CODE SIZE REDUCTION:13 WORDS
                 SUBOPT_0x0:
000170 e0ad      	LDI  R26,LOW(13)
000171 940e 0169 	CALL _putchar
000173 e0aa      	LDI  R26,LOW(10)
000174 940c 0169 	JMP  _putchar
                 
                 ;OPTIMIZER ADDED SUBROUTINE, CALLED 2 TIMES, CODE SIZE REDUCTION:1 WORDS
                 SUBOPT_0x1:
000176 940e 00ea 	CALL __lcd_write_data
000178 e0a3      	LDI  R26,LOW(3)
000179 e0b0      	LDI  R27,0
00017a 940c 0183 	JMP  _delay_ms
                 
                 ;OPTIMIZER ADDED SUBROUTINE, CALLED 3 TIMES, CODE SIZE REDUCTION:5 WORDS
                 SUBOPT_0x2:
00017c e3a0      	LDI  R26,LOW(48)
00017d 940e 00d5 	CALL __lcd_write_nibble_G100
                +
00017f e281     +LDI R24 , LOW ( 33 )
                +__DELAY_USB_LOOP :
000180 958a     +DEC R24
000181 f7f1     +BRNE __DELAY_USB_LOOP
                 	__DELAY_USB 33
000182 9508      	RET
                 
                 
                 	.CSEG
                 _delay_ms:
000183 9610      	adiw r26,0
000184 f039      	breq __delay_ms1
                 __delay_ms0:
000185 95a8      	wdr
                +
000186 ef8a     +LDI R24 , LOW ( 0xFA )
000187 e090     +LDI R25 , HIGH ( 0xFA )
                +__DELAY_USW_LOOP :
000188 9701     +SBIW R24 , 1
000189 f7f1     +BRNE __DELAY_USW_LOOP
                 	__DELAY_USW 0xFA
00018a 9711      	sbiw r26,1
00018b f7c9      	brne __delay_ms0
                 __delay_ms1:
00018c 9508      	ret
                 
                 ;END OF CODE MARKER
                 __END_OF_CODE:


RESOURCE USE INFORMATION
------------------------

Notice:
The register and instruction counts are symbol table hit counts,
and hence implicitly used resources are not counted, eg, the
'lpm' instruction without operands implicitly uses r0 and z,
none of which are counted.

x,y,z are separate entities in the symbol table and are
counted separately from r26..r31 here.

.dseg memory usage only counts static data declared with .byte

ATmega32 register use summary:
r0 :   4 r1 :   1 r2 :   0 r3 :   0 r4 :   4 r5 :   4 r6 :   2 r7 :   4 
r8 :   0 r9 :   0 r10:   0 r11:   0 r12:   0 r13:   0 r14:   0 r15:   0 
r16:   4 r17:  11 r18:   0 r19:   0 r20:   0 r21:   0 r22:   2 r23:   0 
r24:  21 r25:   3 r26:  54 r27:  15 r28:   4 r29:   1 r30:  69 r31:   5 
x  :   6 y  :  39 z  :   8 
Registers used: 20 out of 35 (57.1%)

ATmega32 instruction use summary:
.lds  :   0 .lds.l:   0 .sts  :   0 .sts.l:   0 adc   :   2 add   :   3 
adiw  :   4 and   :   0 andi  :   2 asr   :   0 bclr  :   0 bld   :   0 
brbc  :   0 brbs  :   0 brcc  :   0 brcs  :   0 break :   0 breq  :   5 
brge  :   0 brhc  :   0 brhs  :   0 brid  :   0 brie  :   0 brlo  :   1 
brlt  :   0 brmi  :   0 brne  :  16 brpl  :   0 brsh  :   1 brtc  :   0 
brts  :   0 brvc  :   0 brvs  :   0 bset  :   0 bst   :   0 call  :  17 
cbi   :   5 cbr   :   0 clc   :   0 clh   :   0 cli   :   1 cln   :   0 
clr   :   5 cls   :   0 clt   :   0 clv   :   0 clz   :   0 com   :   0 
cp    :   1 cpc   :   0 cpi   :   9 cpse  :   0 dec   :   7 des   :   0 
eor   :   0 fmul  :   0 fmuls :   0 fmulsu:   0 icall :   0 ijmp  :   0 
in    :   3 inc   :   3 jmp   :  29 ld    :  17 ldd   :   9 ldi   :  56 
lds   :   0 lpm   :   7 lsl   :   0 lsr   :   0 mov   :   9 movw  :   3 
mul   :   0 muls  :   0 mulsu :   0 neg   :   0 nop   :   0 or    :   1 
ori   :   1 out   :  14 pop   :   0 push  :   0 rcall :  22 ret   :   7 
reti  :   0 rjmp  :  12 rol   :   0 ror   :   0 sbc   :   0 sbci  :   1 
sbi   :   5 sbic  :   0 sbis  :   2 sbiw  :   5 sbr   :   0 sbrc  :   0 
sbrs  :   0 sec   :   0 seh   :   0 sei   :   0 sen   :   0 ser   :   0 
ses   :   0 set   :   0 sev   :   0 sez   :   0 sleep :   0 spm   :   0 
st    :  18 std   :   2 sts   :   2 sub   :   0 subi  :   4 swap  :   1 
tst   :   0 wdr   :   1 
Instructions used: 40 out of 116 (34.5%)

ATmega32 memory use summary [bytes]:
Segment   Begin    End      Code   Data   Used    Size   Use%
---------------------------------------------------------------
[.cseg] 0x000000 0x00031a    722     72    794   32768   2.4%
[.dseg] 0x000060 0x000286      0     38     38    2048   1.9%
[.eseg] 0x000000 0x000000      0      0      0    1024   0.0%

Assembly complete, 0 errors, 5 warnings
